<?xml version="1.0" encoding="UTF-8"?>
<!-- Generated by org.testng.reporters.JUnitReportReporter -->
<testsuite skipped="0" hostname="LAPTOP-8LOAM9LK" name="com.syntax.class03.HWTask01" tests="1" failures="0" timestamp="2020-05-27T19:50:39 CDT" time="66.701" errors="0">
  <testcase name="create5NewEmp" time="66.701" classname="com.syntax.class03.HWTask01"/>
  <system-out/>
</testsuite> <!-- com.syntax.class03.HWTask01 -->
