<?xml version="1.0" encoding="UTF-8"?>
<!-- Generated by org.testng.reporters.JUnitReportReporter -->
<testsuite skipped="0" hostname="LAPTOP-8LOAM9LK" name="com.syntax.class01.Task01" tests="3" failures="0" timestamp="2020-05-26T20:27:31 CDT" time="0.008" errors="0">
  <testcase name="test1" time="0.002" classname="com.syntax.class01.Task01"/>
  <system-out/>
  <testcase name="test2" time="0.004" classname="com.syntax.class01.Task01"/>
  <system-out/>
  <testcase name="test3" time="0.002" classname="com.syntax.class01.Task01"/>
  <system-out/>
</testsuite> <!-- com.syntax.class01.Task01 -->
