<?xml version="1.0" encoding="UTF-8"?>
<!-- Generated by org.testng.reporters.JUnitReportReporter -->
<testsuite skipped="0" hostname="LAPTOP-8LOAM9LK" name="com.syntax.class03.GroupsDemo" tests="2" failures="0" timestamp="2020-05-26T20:48:19 CDT" time="0.014" errors="0">
  <testcase name="test4" time="0.002" classname="com.syntax.class03.GroupsDemo"/>
  <system-out/>
  <testcase name="test2" time="0.012" classname="com.syntax.class03.GroupsDemo"/>
  <system-out/>
</testsuite> <!-- com.syntax.class03.GroupsDemo -->
