<?xml version="1.0" encoding="UTF-8"?>
<!-- Generated by org.testng.reporters.JUnitReportReporter -->
<testsuite skipped="0" hostname="LAPTOP-8LOAM9LK" name="com.syntax.class01.DifferentAnnotations" tests="1" failures="0" timestamp="2020-05-26T20:27:31 CDT" time="0.010" errors="0">
  <testcase name="test" time="0.010" classname="com.syntax.class01.DifferentAnnotations"/>
  <system-out/>
</testsuite> <!-- com.syntax.class01.DifferentAnnotations -->
