<?xml version="1.0" encoding="UTF-8"?>
<!-- Generated by org.testng.reporters.JUnitReportReporter -->
<testsuite skipped="0" hostname="LAPTOP-8LOAM9LK" name="com.syntax.class01.HWTask02_PasswordCannotBeEmpty" tests="1" failures="0" timestamp="2020-05-20T13:40:13 CDT" time="7.802" errors="0">
  <testcase name="passwordEmpty" time="7.802" classname="com.syntax.class01.HWTask02_PasswordCannotBeEmpty"/>
  <system-out/>
</testsuite> <!-- com.syntax.class01.HWTask02_PasswordCannotBeEmpty -->
