<?xml version="1.0" encoding="UTF-8"?>
<!-- Generated by org.testng.reporters.JUnitReportReporter -->
<testsuite skipped="0" hostname="LAPTOP-8LOAM9LK" name="com.syntax.class01.TitleLogoAndLoginValidation" tests="3" failures="0" timestamp="2020-05-19T22:02:12 CDT" time="24.459" errors="0">
  <testcase name="logoValidation" time="6.713" classname="com.syntax.class01.TitleLogoAndLoginValidation"/>
  <system-out/>
  <testcase name="validLogin" time="9.536" classname="com.syntax.class01.TitleLogoAndLoginValidation"/>
  <system-out/>
  <testcase name="titleValidation" time="8.210" classname="com.syntax.class01.TitleLogoAndLoginValidation"/>
  <system-out/>
</testsuite> <!-- com.syntax.class01.TitleLogoAndLoginValidation -->
