<?xml version="1.0" encoding="UTF-8"?>
<!-- Generated by org.testng.reporters.JUnitReportReporter -->
<testsuite skipped="0" hostname="LAPTOP-8LOAM9LK" name="com.syntax.class02.Task01" tests="4" failures="0" timestamp="2020-05-20T20:33:36 CDT" time="0.019" errors="0">
  <testcase name="fourthMethod" time="0.011" classname="com.syntax.class02.Task01"/>
  <system-out/>
  <testcase name="thirdMethod" time="0.003" classname="com.syntax.class02.Task01"/>
  <system-out/>
  <testcase name="secondMethod" time="0.002" classname="com.syntax.class02.Task01"/>
  <system-out/>
  <testcase name="firstMethod" time="0.003" classname="com.syntax.class02.Task01"/>
  <system-out/>
</testsuite> <!-- com.syntax.class02.Task01 -->
