<?xml version="1.0" encoding="UTF-8"?>
<!-- Generated by org.testng.reporters.JUnitReportReporter -->
<testsuite skipped="0" hostname="LAPTOP-8LOAM9LK" name="com.test.AddEmployeeTest" tests="1" failures="0" timestamp="2020-05-23T15:08:39 CDT" time="20.050" errors="0">
  <testcase name="addEmployeePage" time="20.050" classname="com.test.AddEmployeeTest"/>
  <system-out/>
</testsuite> <!-- com.test.AddEmployeeTest -->
