<?xml version="1.0" encoding="UTF-8"?>
<!-- Generated by org.testng.reporters.JUnitReportReporter -->
<testsuite skipped="0" hostname="LAPTOP-8LOAM9LK" name="com.syntax.class01.TestNGDemo" tests="3" failures="0" timestamp="2020-05-26T20:27:31 CDT" time="0.007" errors="0">
  <testcase name="testThree" time="0.004" classname="com.syntax.class01.TestNGDemo"/>
  <system-out/>
  <testcase name="testOne" time="0.002" classname="com.syntax.class01.TestNGDemo"/>
  <system-out/>
  <testcase name="testTwo" time="0.001" classname="com.syntax.class01.TestNGDemo"/>
  <system-out/>
</testsuite> <!-- com.syntax.class01.TestNGDemo -->
