<?xml version="1.0" encoding="UTF-8"?>
<!-- Generated by org.testng.reporters.JUnitReportReporter -->
<testsuite skipped="0" hostname="LAPTOP-8LOAM9LK" name="com.syntax.class01.Task01" tests="3" failures="0" timestamp="2020-05-19T20:09:26 CDT" time="0.019" errors="0">
  <testcase name="test2" time="0.003" classname="com.syntax.class01.Task01"/>
  <system-out/>
  <testcase name="test3" time="0.006" classname="com.syntax.class01.Task01"/>
  <system-out/>
  <testcase name="test1" time="0.010" classname="com.syntax.class01.Task01"/>
  <system-out/>
</testsuite> <!-- com.syntax.class01.Task01 -->
