<?xml version="1.0" encoding="UTF-8"?>
<!-- Generated by org.testng.reporters.JUnitReportReporter -->
<testsuite skipped="0" hostname="LAPTOP-8LOAM9LK" name="com.syntax.class02.HWHRMSAddEmployee" tests="2" failures="0" timestamp="2020-05-21T12:41:31 CDT" time="35.895" errors="0">
  <testcase name="loginValid" time="12.904" classname="com.syntax.class02.HWHRMSAddEmployee"/>
  <system-out/>
  <testcase name="addEmployee" time="22.991" classname="com.syntax.class02.HWHRMSAddEmployee"/>
  <system-out/>
</testsuite> <!-- com.syntax.class02.HWHRMSAddEmployee -->
