<?xml version="1.0" encoding="UTF-8"?>
<!-- Generated by org.testng.reporters.JUnitReportReporter -->
<testsuite skipped="0" hostname="LAPTOP-8LOAM9LK" name="com.test.HWAselClass" tests="2" failures="0" timestamp="2020-05-27T17:34:17 CDT" time="58.533" errors="0">
  <testcase name="requiredMassage" time="27.269" classname="com.test.HWAselClass"/>
  <system-out/>
  <testcase name="valid" time="31.264" classname="com.test.HWAselClass"/>
  <system-out/>
</testsuite> <!-- com.test.HWAselClass -->
