<?xml version="1.0" encoding="UTF-8"?>
<!-- Generated by org.testng.reporters.JUnitReportReporter -->
<testsuite skipped="0" hostname="LAPTOP-8LOAM9LK" name="com.syntax.class02.AssertionDemo" tests="1" failures="0" timestamp="2020-05-20T21:07:50 CDT" time="6.932" errors="0">
  <testcase name="titleValidation" time="6.932" classname="com.syntax.class02.AssertionDemo"/>
  <system-out/>
</testsuite> <!-- com.syntax.class02.AssertionDemo -->
