<?xml version="1.0" encoding="UTF-8"?>
<!-- Generated by org.testng.reporters.JUnitReportReporter -->
<testsuite skipped="0" hostname="LAPTOP-8LOAM9LK" name="com.syntax.class01.TitleLogoAndLoginValidation" tests="3" failures="0" timestamp="2020-05-26T20:27:31 CDT" time="39.961" errors="0">
  <testcase name="logoValidation" time="11.544" classname="com.syntax.class01.TitleLogoAndLoginValidation"/>
  <system-out/>
  <testcase name="titleValidation" time="11.453" classname="com.syntax.class01.TitleLogoAndLoginValidation"/>
  <system-out/>
  <testcase name="validLogin" time="16.964" classname="com.syntax.class01.TitleLogoAndLoginValidation"/>
  <system-out/>
</testsuite> <!-- com.syntax.class01.TitleLogoAndLoginValidation -->
