<?xml version="1.0" encoding="UTF-8"?>
<!-- Generated by org.testng.reporters.JUnitReportReporter -->
<testsuite skipped="0" hostname="LAPTOP-8LOAM9LK" name="com.syntax.class01.HWTask01_1" tests="1" failures="0" timestamp="2020-05-20T12:35:07 CDT" time="10.734" errors="0">
  <testcase name="logoSyntaxDisplayed" time="10.734" classname="com.syntax.class01.HWTask01_1"/>
  <system-out/>
</testsuite> <!-- com.syntax.class01.HWTask01_1 -->
